<?xml version="1.0" encoding="UTF-8"?>
<testsuite name="com.ajax.cryptocurrency.service.CryptocurrencyServiceTests" tests="10" skipped="0" failures="0" errors="0" timestamp="2023-08-23T15:05:40" hostname="Andriis-Laptop" time="0.684">
  <properties/>
  <testcase name="getETHPageTest()" classname="com.ajax.cryptocurrency.service.CryptocurrencyServiceTests" time="0.63"/>
  <testcase name="findETHMaxPriceTest()" classname="com.ajax.cryptocurrency.service.CryptocurrencyServiceTests" time="0.005"/>
  <testcase name="getBTCPageTest()" classname="com.ajax.cryptocurrency.service.CryptocurrencyServiceTests" time="0.003"/>
  <testcase name="findETHMinPriceTest()" classname="com.ajax.cryptocurrency.service.CryptocurrencyServiceTests" time="0.003"/>
  <testcase name="createCSV()" classname="com.ajax.cryptocurrency.service.CryptocurrencyServiceTests" time="0.025"/>
  <testcase name="findBTCMaxPriceTest()" classname="com.ajax.cryptocurrency.service.CryptocurrencyServiceTests" time="0.002"/>
  <testcase name="findXRPMaxPriceTest()" classname="com.ajax.cryptocurrency.service.CryptocurrencyServiceTests" time="0.002"/>
  <testcase name="findBTCMinPriceTest()" classname="com.ajax.cryptocurrency.service.CryptocurrencyServiceTests" time="0.002"/>
  <testcase name="findXRPMinPriceTest()" classname="com.ajax.cryptocurrency.service.CryptocurrencyServiceTests" time="0.002"/>
  <testcase name="getXRPPageTest()" classname="com.ajax.cryptocurrency.service.CryptocurrencyServiceTests" time="0.002"/>
  <system-out><![CDATA[]]></system-out>
  <system-err><![CDATA[]]></system-err>
</testsuite>
